[INFO ] 2020-06-04 00:11:20.245 [main] LoginPage - Email:  finiassissi1@gmail.com Password:  q1w2e3r4T
[INFO ] 2020-06-04 00:11:20.425 [main] LoginPage - Login  done
[TRACE] 2020-06-04 00:11:21.325 [main] ContactsTest - tracing info----------Tc_Contacts002-----------
[INFO ] 2020-06-04 00:11:22.159 [main] ReadExcelData -  Taking Test Data from file fini
[INFO ] 2020-06-04 00:11:22.159 [main] ReadExcelData -  Taking Test Data from file Jesto
[INFO ] 2020-06-04 00:11:22.159 [main] ReadExcelData -  Taking Test Data from file sini
[INFO ] 2020-06-04 00:11:22.159 [main] ReadExcelData -  Taking Test Data from file sijo
[INFO ] 2020-06-04 00:11:22.160 [main] ReadExcelData -  Taking Test Data from file Bini
[INFO ] 2020-06-04 00:11:22.160 [main] ReadExcelData -  Taking Test Data from file Suresh
[INFO ] 2020-06-04 00:11:26.020 [main] ContactsTest - contacts added
[INFO ] 2020-06-04 00:11:31.663 [main] ContactsTest - contacts added
[INFO ] 2020-06-04 00:11:37.338 [main] ContactsTest - contacts added
[INFO ] 2020-06-04 00:12:57.714 [main] LoginPage - Email:  finiassissi1@gmail.com Password:  q1w2e3r4T
[INFO ] 2020-06-04 00:12:57.853 [main] LoginPage - Login  done
[TRACE] 2020-06-04 00:12:58.802 [main] ContactsTest - tracing info----------Tc_Contacts002-----------
[INFO ] 2020-06-04 00:12:59.606 [main] ReadExcelData -  Taking Test Data from file fini
[INFO ] 2020-06-04 00:12:59.606 [main] ReadExcelData -  Taking Test Data from file Jesto
[INFO ] 2020-06-04 00:12:59.607 [main] ReadExcelData -  Taking Test Data from file sini
[INFO ] 2020-06-04 00:12:59.607 [main] ReadExcelData -  Taking Test Data from file sijo
[INFO ] 2020-06-04 00:12:59.607 [main] ReadExcelData -  Taking Test Data from file Bini
[INFO ] 2020-06-04 00:12:59.607 [main] ReadExcelData -  Taking Test Data from file Suresh
[INFO ] 2020-06-04 00:13:03.615 [main] ContactsTest - contacts added
[INFO ] 2020-06-04 00:13:09.312 [main] ContactsTest - contacts added
[INFO ] 2020-06-04 00:13:15.019 [main] ContactsTest - contacts added
[INFO ] 2020-06-04 00:28:19.288 [main] LoginPage - Email:  finiassissi1@gmail.com Password:  q1w2e3r4T
[INFO ] 2020-06-04 00:28:19.421 [main] LoginPage - Login  done
[INFO ] 2020-06-04 00:28:29.515 [main] LoginPage - Email:  finiassissi1@gmail.com Password:  q1w2e3r4T
[INFO ] 2020-06-04 00:28:29.691 [main] LoginPage - Login  done
[INFO ] 2020-06-04 00:28:38.278 [main] LoginPage - Email:  finiassissi1@gmail.com Password:  q1w2e3r4T
[INFO ] 2020-06-04 00:28:38.415 [main] LoginPage - Login  done
[INFO ] 2020-06-04 00:28:47.165 [main] LoginPage - Email:  finiassissi1@gmail.com Password:  q1w2e3r4T
[INFO ] 2020-06-04 00:28:47.290 [main] LoginPage - Login  done
[TRACE] 2020-06-04 01:06:01.396 [main] LoginTest - ----------Testcase Tc_Login001------------
[INFO ] 2020-06-04 01:06:01.419 [main] LoginTest -  Application URl validated
[TRACE] 2020-06-04 01:06:01.427 [main] LoginTest - ----------Testcase Tc_Login002------------
[INFO ] 2020-06-04 01:06:02.833 [main] LoginPage - Email:  finiassissi1@gmail.com Password:  q1w2e3r4T
[INFO ] 2020-06-04 01:06:02.960 [main] LoginPage - Login  done
[INFO ] 2020-06-04 01:06:03.524 [main] LoginTest - Successful
[INFO ] 2020-06-04 01:24:03.850 [main] LoginPage - Email:  finiassissi1@gmail.com Password:  q1w2e3r4T
[INFO ] 2020-06-04 01:24:03.984 [main] LoginPage - Login  done
[INFO ] 2020-06-04 01:25:01.914 [main] LoginPage - Email:  finiassissi1@gmail.com Password:  q1w2e3r4T
[INFO ] 2020-06-04 01:25:02.035 [main] LoginPage - Login  done
[INFO ] 2020-06-04 01:41:51.971 [main] LoginPage - Email:  finiassissi1@gmail.com Password:  q1w2e3r4T
[INFO ] 2020-06-04 01:41:52.171 [main] LoginPage - Login  done
[INFO ] 2020-06-04 01:43:37.833 [main] LoginPage - Email:  finiassissi1@gmail.com Password:  q1w2e3r4T
[INFO ] 2020-06-04 01:43:38.161 [main] LoginPage - Login  done
[INFO ] 2020-06-04 01:43:59.719 [main] LoginPage - Email:  finiassissi1@gmail.com Password:  q1w2e3r4T
[INFO ] 2020-06-04 01:43:59.933 [main] LoginPage - Login  done
[INFO ] 2020-06-04 01:44:42.468 [main] LoginPage - Email:  finiassissi1@gmail.com Password:  q1w2e3r4T
[INFO ] 2020-06-04 01:44:42.618 [main] LoginPage - Login  done
[INFO ] 2020-06-04 01:46:59.975 [main] LoginPage - Email:  finiassissi1@gmail.com Password:  q1w2e3r4T
[INFO ] 2020-06-04 01:47:00.103 [main] LoginPage - Login  done
[INFO ] 2020-06-04 01:49:05.504 [main] LoginPage - Email:  finiassissi1@gmail.com Password:  q1w2e3r4T
[INFO ] 2020-06-04 01:49:05.813 [main] LoginPage - Login  done
[INFO ] 2020-06-04 01:50:39.129 [main] LoginPage - Email:  finiassissi1@gmail.com Password:  q1w2e3r4T
[INFO ] 2020-06-04 01:50:39.279 [main] LoginPage - Login  done
[INFO ] 2020-06-04 01:50:54.358 [main] LoginPage - Email:  finiassissi1@gmail.com Password:  q1w2e3r4T
[INFO ] 2020-06-04 01:50:54.480 [main] LoginPage - Login  done
[INFO ] 2020-06-04 01:52:35.375 [main] LoginPage - Email:  finiassissi1@gmail.com Password:  q1w2e3r4T
[INFO ] 2020-06-04 01:52:35.500 [main] LoginPage - Login  done
[INFO ] 2020-06-04 01:52:52.892 [main] LoginPage - Email:  finiassissi1@gmail.com Password:  q1w2e3r4T
[INFO ] 2020-06-04 01:52:53.007 [main] LoginPage - Login  done
[INFO ] 2020-06-04 01:54:55.981 [main] LoginPage - Email:  finiassissi1@gmail.com Password:  q1w2e3r4T
[INFO ] 2020-06-04 01:54:56.102 [main] LoginPage - Login  done
[INFO ] 2020-06-04 01:55:11.913 [main] LoginPage - Email:  finiassissi1@gmail.com Password:  q1w2e3r4T
[INFO ] 2020-06-04 01:55:12.044 [main] LoginPage - Login  done
[INFO ] 2020-06-04 01:57:43.859 [main] LoginPage - Email:  finiassissi1@gmail.com Password:  q1w2e3r4T
[INFO ] 2020-06-04 01:57:44.005 [main] LoginPage - Login  done
[INFO ] 2020-06-04 02:00:32.904 [main] LoginPage - Email:  finiassissi1@gmail.com Password:  q1w2e3r4T
[INFO ] 2020-06-04 02:00:33.036 [main] LoginPage - Login  done
[INFO ] 2020-06-04 12:16:09.648 [main] LoginPage - Email:  finiassissi1@gmail.com Password:  q1w2e3r4T
[INFO ] 2020-06-04 12:16:09.767 [main] LoginPage - Login  done
[INFO ] 2020-06-04 12:17:36.883 [main] LoginPage - Email:  finiassissi1@gmail.com Password:  q1w2e3r4T
[INFO ] 2020-06-04 12:17:37.021 [main] LoginPage - Login  done
[INFO ] 2020-06-04 12:20:00.953 [main] LoginPage - Email:  finiassissi1@gmail.com Password:  q1w2e3r4T
[INFO ] 2020-06-04 12:20:01.073 [main] LoginPage - Login  done
[INFO ] 2020-06-04 12:22:17.389 [main] LoginPage - Email:  finiassissi1@gmail.com Password:  q1w2e3r4T
[INFO ] 2020-06-04 12:22:17.503 [main] LoginPage - Login  done
[INFO ] 2020-06-04 12:27:19.158 [main] LoginPage - Email:  finiassissi1@gmail.com Password:  q1w2e3r4T
[INFO ] 2020-06-04 12:27:19.422 [main] LoginPage - Login  done
[INFO ] 2020-06-04 12:27:37.781 [main] LoginPage - Email:  finiassissi1@gmail.com Password:  q1w2e3r4T
[INFO ] 2020-06-04 12:27:37.933 [main] LoginPage - Login  done
[INFO ] 2020-06-04 12:50:19.760 [main] LoginPage - Email:  finiassissi1@gmail.com Password:  q1w2e3r4T
[INFO ] 2020-06-04 12:50:19.896 [main] LoginPage - Login  done
[INFO ] 2020-06-04 12:50:35.716 [main] LoginPage - Email:  finiassissi1@gmail.com Password:  q1w2e3r4T
[INFO ] 2020-06-04 12:50:35.962 [main] LoginPage - Login  done
[INFO ] 2020-06-04 12:56:00.215 [main] LoginPage - Email:  finiassissi1@gmail.com Password:  q1w2e3r4T
[INFO ] 2020-06-04 12:56:00.589 [main] LoginPage - Login  done
[INFO ] 2020-06-04 12:56:17.851 [main] LoginPage - Email:  finiassissi1@gmail.com Password:  q1w2e3r4T
[INFO ] 2020-06-04 12:56:18.089 [main] LoginPage - Login  done
[INFO ] 2020-06-04 13:02:36.657 [main] LoginPage - Email:  finiassissi1@gmail.com Password:  q1w2e3r4T
[INFO ] 2020-06-04 13:02:36.883 [main] LoginPage - Login  done
[INFO ] 2020-06-04 13:02:54.037 [main] LoginPage - Email:  finiassissi1@gmail.com Password:  q1w2e3r4T
[INFO ] 2020-06-04 13:02:54.135 [main] LoginPage - Login  done
[INFO ] 2020-06-04 13:07:32.369 [main] LoginPage - Email:  finiassissi1@gmail.com Password:  q1w2e3r4T
[INFO ] 2020-06-04 13:07:32.486 [main] LoginPage - Login  done
[INFO ] 2020-06-04 13:07:49.476 [main] LoginPage - Email:  finiassissi1@gmail.com Password:  q1w2e3r4T
[INFO ] 2020-06-04 13:07:49.588 [main] LoginPage - Login  done
[INFO ] 2020-06-04 13:17:02.060 [main] LoginPage - Email:  finiassissi1@gmail.com Password:  q1w2e3r4T
[INFO ] 2020-06-04 13:17:02.308 [main] LoginPage - Login  done
[INFO ] 2020-06-04 13:17:16.667 [main] LoginPage - Email:  finiassissi1@gmail.com Password:  q1w2e3r4T
[INFO ] 2020-06-04 13:17:17.032 [main] LoginPage - Login  done
[INFO ] 2020-06-04 16:07:38.264 [main] LoginPage - Email:  finiassissi1@gmail.com Password:  q1w2e3r4T
[INFO ] 2020-06-04 16:07:38.375 [main] LoginPage - Login  done
[INFO ] 2020-06-04 16:07:48.481 [main] LoginPage - Email:  finiassissi1@gmail.com Password:  q1w2e3r4T
[INFO ] 2020-06-04 16:07:48.641 [main] LoginPage - Login  done
[INFO ] 2020-06-04 16:11:52.812 [main] LoginPage - Email:  finiassissi1@gmail.com Password:  q1w2e3r4T
[INFO ] 2020-06-04 16:11:52.939 [main] LoginPage - Login  done
[INFO ] 2020-06-04 16:12:06.102 [main] LoginPage - Email:  finiassissi1@gmail.com Password:  q1w2e3r4T
[INFO ] 2020-06-04 16:12:06.237 [main] LoginPage - Login  done
[INFO ] 2020-06-04 16:14:00.322 [main] LoginPage - Email:  finiassissi1@gmail.com Password:  q1w2e3r4T
[INFO ] 2020-06-04 16:14:00.548 [main] LoginPage - Login  done
[INFO ] 2020-06-04 16:14:10.587 [main] LoginPage - Email:  finiassissi1@gmail.com Password:  q1w2e3r4T
[INFO ] 2020-06-04 16:14:10.743 [main] LoginPage - Login  done
[INFO ] 2020-06-04 16:14:21.643 [main] LoginPage - Email:  finiassissi1@gmail.com Password:  q1w2e3r4T
[INFO ] 2020-06-04 16:14:21.768 [main] LoginPage - Login  done
[INFO ] 2020-06-04 16:14:32.363 [main] LoginPage - Email:  finiassissi1@gmail.com Password:  q1w2e3r4T
[INFO ] 2020-06-04 16:14:32.592 [main] LoginPage - Login  done
[INFO ] 2020-06-04 16:14:43.765 [main] LoginPage - Email:  finiassissi1@gmail.com Password:  q1w2e3r4T
[INFO ] 2020-06-04 16:14:43.889 [main] LoginPage - Login  done
[TRACE] 2020-06-04 16:14:44.858 [main] ContactsTest - tracing info----------Tc_Contacts002-----------
[INFO ] 2020-06-04 16:14:45.928 [main] ReadExcelData -  Taking Test Data from file fini
[INFO ] 2020-06-04 16:14:45.929 [main] ReadExcelData -  Taking Test Data from file Jesto
[INFO ] 2020-06-04 16:14:45.929 [main] ReadExcelData -  Taking Test Data from file sini
[INFO ] 2020-06-04 16:14:45.929 [main] ReadExcelData -  Taking Test Data from file sijo
[INFO ] 2020-06-04 16:14:45.929 [main] ReadExcelData -  Taking Test Data from file Bini
[INFO ] 2020-06-04 16:14:45.930 [main] ReadExcelData -  Taking Test Data from file Suresh
[INFO ] 2020-06-04 16:14:49.803 [main] ContactsTest - contacts added
[INFO ] 2020-06-04 16:14:55.448 [main] ContactsTest - contacts added
[INFO ] 2020-06-04 16:15:01.149 [main] ContactsTest - contacts added
[TRACE] 2020-06-04 16:15:11.737 [main] LoginTest - ----------Testcase Tc_Login002------------
[INFO ] 2020-06-04 16:15:13.806 [main] LoginPage - Email:  finiassissi1@gmail.com Password:  q1w2e3r4T
[INFO ] 2020-06-04 16:15:13.940 [main] LoginPage - Login  done
[INFO ] 2020-06-04 16:15:14.457 [main] LoginTest - Successful
[TRACE] 2020-06-04 16:15:14.459 [main] LoginTest - ----------Testcase Tc_Login001------------
[INFO ] 2020-06-04 16:15:24.529 [main] LoginPage - Email:  finiassissi1@gmail.com Password:  q1w2e3r4T
[INFO ] 2020-06-04 16:15:24.766 [main] LoginPage - Login  done
[INFO ] 2020-06-04 16:15:35.418 [main] LoginPage - Email:  finiassissi1@gmail.com Password:  q1w2e3r4T
[INFO ] 2020-06-04 16:15:35.581 [main] LoginPage - Login  done
[TRACE] 2020-06-04 16:20:25.563 [main] LoginTest - ----------Testcase Tc_Login001------------
[INFO ] 2020-06-04 16:20:25.579 [main] LoginTest -  Application URl validated
[TRACE] 2020-06-04 16:20:25.877 [main] LoginTest - ----------Testcase Tc_Login001------------
[INFO ] 2020-06-04 16:20:25.894 [main] LoginTest -  Application URl validated
[TRACE] 2020-06-04 16:30:51.856 [main] LoginTest - ----------Testcase Tc_Login001------------
[INFO ] 2020-06-04 16:30:51.865 [main] LoginTest -  Application URl validated
[TRACE] 2020-06-04 16:49:27.614 [main] LoginTest - ----------Validating Title------------
[INFO ] 2020-06-04 16:49:27.628 [main] LoginTest -  Application URl validated
[INFO ] 2020-06-04 16:59:59.901 [main] LoginPage - Email:  finiassissi1@gmail.com Password:  q1w2e3r4T
[INFO ] 2020-06-04 17:00:00.043 [main] LoginPage - Login  done
[TRACE] 2020-06-04 17:00:01.313 [main] ContactsTest - tracing info----------Tc_Contacts002-----------
[INFO ] 2020-06-04 17:00:02.211 [main] ReadExcelData -  Taking Test Data from file finijesto@gmail.com
[INFO ] 2020-06-04 17:00:02.211 [main] ReadExcelData -  Taking Test Data from file hhhhaaja
[INFO ] 2020-06-04 17:00:02.211 [main] ReadExcelData -  Taking Test Data from file issajesto@yahoo.com
[INFO ] 2020-06-04 17:00:02.212 [main] ReadExcelData -  Taking Test Data from file qrrqr
[INFO ] 2020-06-04 17:00:02.212 [main] ReadExcelData -  Taking Test Data from file finijesto@gmail.com
[INFO ] 2020-06-04 17:00:02.212 [main] ReadExcelData -  Taking Test Data from file ghjhgjhg
[INFO ] 2020-06-04 17:00:02.212 [main] ReadExcelData -  Taking Test Data from file asssdad
[INFO ] 2020-06-04 17:00:02.212 [main] ReadExcelData -  Taking Test Data from file dfsdgds
[INFO ] 2020-06-04 17:00:06.600 [main] ContactsTest - contacts added
[INFO ] 2020-06-04 17:00:12.665 [main] ContactsTest - contacts added
[INFO ] 2020-06-04 17:00:18.813 [main] ContactsTest - contacts added
[INFO ] 2020-06-04 17:00:24.592 [main] ContactsTest - contacts added
[INFO ] 2020-06-04 17:09:18.206 [main] LoginPage - Email:  finiassissi1@gmail.com Password:  q1w2e3r4T
[INFO ] 2020-06-04 17:09:18.557 [main] LoginPage - Login  done
[INFO ] 2020-06-04 17:09:29.691 [main] LoginPage - Email:  finiassissi1@gmail.com Password:  q1w2e3r4T
[INFO ] 2020-06-04 17:09:29.820 [main] LoginPage - Login  done
[INFO ] 2020-06-04 17:25:09.704 [main] LoginPage - Email:  finiassissi1@gmail.com Password:  q1w2e3r4T
[INFO ] 2020-06-04 17:25:09.859 [main] LoginPage - Login  done
[INFO ] 2020-06-04 17:25:19.423 [main] LoginPage - Email:  finiassissi1@gmail.com Password:  q1w2e3r4T
[INFO ] 2020-06-04 17:25:19.656 [main] LoginPage - Login  done
[TRACE] 2020-06-04 17:26:15.685 [TestNG-test=Test-4] LoginTest - ----------Validating Title------------
[INFO ] 2020-06-04 17:26:15.700 [TestNG-test=Test-4] LoginTest -  Application URl validated
[INFO ] 2020-06-04 17:26:20.707 [TestNG-test=Test-3] LoginPage - Email:  finiassissi1@gmail.com Password:  q1w2e3r4T
[INFO ] 2020-06-04 17:26:20.967 [TestNG-test=Test-3] LoginPage - Login  done
[INFO ] 2020-06-04 17:26:21.129 [TestNG-test=Test-1] LoginPage - Email:  finiassissi1@gmail.com Password:  q1w2e3r4T
[INFO ] 2020-06-04 17:26:21.354 [TestNG-test=Test-1] LoginPage - Login  done
[TRACE] 2020-06-04 17:26:22.521 [TestNG-test=Test-1] ContactsTest - tracing info----------Tc_Contacts002-----------
[INFO ] 2020-06-04 17:26:22.872 [TestNG-test=Test-2] LoginPage - Email:  finiassissi1@gmail.com Password:  q1w2e3r4T
[INFO ] 2020-06-04 17:26:23.105 [TestNG-test=Test-2] LoginPage - Login  done
[INFO ] 2020-06-04 17:26:23.893 [TestNG-test=Test-1] ReadExcelData -  Taking Test Data from file finijesto@gmail.com
[INFO ] 2020-06-04 17:26:23.894 [TestNG-test=Test-1] ReadExcelData -  Taking Test Data from file hhhhaaja
[INFO ] 2020-06-04 17:26:23.894 [TestNG-test=Test-1] ReadExcelData -  Taking Test Data from file issajesto@yahoo.com
[INFO ] 2020-06-04 17:26:23.895 [TestNG-test=Test-1] ReadExcelData -  Taking Test Data from file qrrqr
[INFO ] 2020-06-04 17:26:23.895 [TestNG-test=Test-1] ReadExcelData -  Taking Test Data from file finijesto@gmail.com
[INFO ] 2020-06-04 17:26:23.895 [TestNG-test=Test-1] ReadExcelData -  Taking Test Data from file ghjhgjhg
[INFO ] 2020-06-04 17:26:23.895 [TestNG-test=Test-1] ReadExcelData -  Taking Test Data from file asssdad
[INFO ] 2020-06-04 17:26:23.896 [TestNG-test=Test-1] ReadExcelData -  Taking Test Data from file dfsdgds
[INFO ] 2020-06-04 17:26:28.709 [TestNG-test=Test-1] ContactsTest - contacts added
[INFO ] 2020-06-04 17:26:30.813 [TestNG-test=Test-3] LoginPage - Email:  finiassissi1@gmail.com Password:  q1w2e3r4T
[INFO ] 2020-06-04 17:26:31.024 [TestNG-test=Test-3] LoginPage - Login  done
[INFO ] 2020-06-04 17:26:35.316 [TestNG-test=Test-1] ContactsTest - contacts added
[INFO ] 2020-06-04 17:26:41.775 [TestNG-test=Test-1] ContactsTest - contacts added
[INFO ] 2020-06-04 17:26:42.029 [TestNG-test=Test-3] LoginPage - Email:  finiassissi1@gmail.com Password:  q1w2e3r4T
[INFO ] 2020-06-04 17:26:42.154 [TestNG-test=Test-3] LoginPage - Login  done
[INFO ] 2020-06-04 17:26:47.957 [TestNG-test=Test-1] ContactsTest - contacts added
[INFO ] 2020-06-04 17:26:51.401 [TestNG-test=Test-3] LoginPage - Email:  finiassissi1@gmail.com Password:  q1w2e3r4T
[INFO ] 2020-06-04 17:26:51.544 [TestNG-test=Test-3] LoginPage - Login  done
[INFO ] 2020-06-04 17:38:05.833 [TestNG-test=Test-5] LoginPage - Email:  finiassissi1@gmail.com Password:  q1w2e3r4T
[INFO ] 2020-06-04 17:38:06.009 [TestNG-test=Test-5] LoginPage - Login  done
[INFO ] 2020-06-04 17:38:10.904 [TestNG-test=Test-1] LoginPage - Email:  finiassissi1@gmail.com Password:  q1w2e3r4T
[INFO ] 2020-06-04 17:38:11.153 [TestNG-test=Test-1] LoginPage - Login  done
[INFO ] 2020-06-04 17:38:11.781 [TestNG-test=Test-3] ContactsTest - -----------------------cpTitleValidation-----------
[INFO ] 2020-06-04 17:38:11.782 [TestNG-test=Test-1] ContactsTest - -----------------------cpTitleValidation-----------
[INFO ] 2020-06-04 17:38:11.852 [TestNG-test=Test-2] LoginPage - Email:  finiassissi1@gmail.com Password:  q1w2e3r4T
[INFO ] 2020-06-04 17:38:12.569 [TestNG-test=Test-2] LoginPage - Login  done
[INFO ] 2020-06-04 17:38:12.702 [TestNG-test=Test-4] ReadExcelData -  Taking Test Data from file finijesto@gmail.com
[INFO ] 2020-06-04 17:38:12.702 [TestNG-test=Test-4] ReadExcelData -  Taking Test Data from file hhhhaaja
[INFO ] 2020-06-04 17:38:12.703 [TestNG-test=Test-4] ReadExcelData -  Taking Test Data from file issajesto@yahoo.com
[INFO ] 2020-06-04 17:38:12.703 [TestNG-test=Test-4] ReadExcelData -  Taking Test Data from file qrrqr
[INFO ] 2020-06-04 17:38:12.703 [TestNG-test=Test-4] ReadExcelData -  Taking Test Data from file finijesto@gmail.com
[INFO ] 2020-06-04 17:38:12.703 [TestNG-test=Test-4] ReadExcelData -  Taking Test Data from file ghjhgjhg
[INFO ] 2020-06-04 17:38:12.703 [TestNG-test=Test-4] ReadExcelData -  Taking Test Data from file asssdad
[INFO ] 2020-06-04 17:38:12.704 [TestNG-test=Test-4] ReadExcelData -  Taking Test Data from file dfsdgds
[INFO ] 2020-06-04 17:38:17.727 [TestNG-test=Test-5] LoginPage - Email:  finiassissi1@gmail.com Password:  q1w2e3r4T
[INFO ] 2020-06-04 17:38:17.902 [TestNG-test=Test-5] LoginPage - Login  done
[TRACE] 2020-06-04 17:38:26.396 [TestNG-test=Test-2] LoginTest - ----------Validating Title------------
[INFO ] 2020-06-04 17:38:26.400 [TestNG-test=Test-2] LoginTest -  Application URl validated
[INFO ] 2020-06-04 17:38:29.219 [TestNG-test=Test-5] LoginPage - Email:  finiassissi1@gmail.com Password:  q1w2e3r4T
[INFO ] 2020-06-04 17:38:29.364 [TestNG-test=Test-5] LoginPage - Login  done
[INFO ] 2020-06-04 17:50:10.389 [main] LoginPage - Email:  finiassissi1@gmail.com Password:  q1w2e3r4T
[INFO ] 2020-06-04 17:50:10.632 [main] LoginPage - Login  done
[INFO ] 2020-06-04 17:50:20.634 [main] LoginPage - Email:  finiassissi1@gmail.com Password:  q1w2e3r4T
[INFO ] 2020-06-04 17:50:20.762 [main] LoginPage - Login  done
[INFO ] 2020-06-04 17:50:29.715 [main] LoginPage - Email:  finiassissi1@gmail.com Password:  q1w2e3r4T
[INFO ] 2020-06-04 17:50:29.844 [main] LoginPage - Login  done
[INFO ] 2020-06-04 17:51:43.495 [main] LoginPage - Email:  finiassissi1@gmail.com Password:  q1w2e3r4T
[INFO ] 2020-06-04 17:51:43.625 [main] LoginPage - Login  done
[INFO ] 2020-06-04 17:51:44.210 [main] ContactsTest - -----------------------cpTitleValidation-----------
[INFO ] 2020-06-04 17:51:44.657 [main] ContactsTest - -----------------------cpTitleValidation-----------
[INFO ] 2020-06-04 17:51:45.519 [main] ReadExcelData -  Taking Test Data from file finijesto@gmail.com
[INFO ] 2020-06-04 17:51:45.520 [main] ReadExcelData -  Taking Test Data from file hhhhaaja
[INFO ] 2020-06-04 17:51:45.520 [main] ReadExcelData -  Taking Test Data from file issajesto@yahoo.com
[INFO ] 2020-06-04 17:51:45.520 [main] ReadExcelData -  Taking Test Data from file qrrqr
[INFO ] 2020-06-04 17:51:45.520 [main] ReadExcelData -  Taking Test Data from file finijesto@gmail.com
[INFO ] 2020-06-04 17:51:45.520 [main] ReadExcelData -  Taking Test Data from file ghjhgjhg
[INFO ] 2020-06-04 17:51:45.520 [main] ReadExcelData -  Taking Test Data from file asssdad
[INFO ] 2020-06-04 17:51:45.521 [main] ReadExcelData -  Taking Test Data from file dfsdgds
[INFO ] 2020-06-04 17:51:49.914 [main] ContactsTest - -----------------------Contacts Adding-----------
[INFO ] 2020-06-04 17:51:55.993 [main] ContactsTest - -----------------------Contacts Adding-----------
[INFO ] 2020-06-04 17:52:02.136 [main] ContactsTest - -----------------------Contacts Adding-----------
[INFO ] 2020-06-04 17:52:07.917 [main] ContactsTest - -----------------------Contacts Adding-----------
[TRACE] 2020-06-04 17:52:16.881 [main] LoginTest - ----------Validating Title------------
[INFO ] 2020-06-04 17:52:16.888 [main] LoginTest -  Application URl validated
[INFO ] 2020-06-04 17:56:19.000 [main] LoginPage - Email:  finiassissi1@gmail.com Password:  q1w2e3r4T
[INFO ] 2020-06-04 17:56:19.248 [main] LoginPage - Login  done
[INFO ] 2020-06-04 17:56:19.808 [main] LoginTest - .............hpValiadteDisplayCall..........
[INFO ] 2020-06-04 17:56:30.363 [main] LoginPage - Email:  finiassissi1@gmail.com Password:  q1w2e3r4T
[INFO ] 2020-06-04 17:56:30.508 [main] LoginPage - Login  done
[INFO ] 2020-06-04 17:56:31.023 [main] LoginTest - .............hpValiadteDisplayCompanies...........
[INFO ] 2020-06-04 17:56:40.145 [main] LoginPage - Email:  finiassissi1@gmail.com Password:  q1w2e3r4T
[INFO ] 2020-06-04 17:56:40.328 [main] LoginPage - Login  done
[INFO ] 2020-06-04 17:56:40.877 [main] LoginTest - .............hpValiadteDisplayDeals...........
[INFO ] 2020-06-04 17:56:49.436 [main] LoginPage - Email:  finiassissi1@gmail.com Password:  q1w2e3r4T
[INFO ] 2020-06-04 17:56:49.603 [main] LoginPage - Login  done
[INFO ] 2020-06-04 17:56:50.107 [main] LoginTest - .............hpValidateTitle...........
[INFO ] 2020-06-04 17:56:59.489 [main] LoginPage - Email:  finiassissi1@gmail.com Password:  q1w2e3r4T
[INFO ] 2020-06-04 17:56:59.640 [main] LoginPage - Login  done
[INFO ] 2020-06-04 17:57:00.236 [main] ContactsTest - -----------------------cpTitleValidation-----------
[INFO ] 2020-06-04 17:57:00.657 [main] ContactsTest - -----------------------cpTitleValidation-----------
[INFO ] 2020-06-04 17:57:01.553 [main] ReadExcelData -  Taking Test Data from file finijesto@gmail.com
[INFO ] 2020-06-04 17:57:01.554 [main] ReadExcelData -  Taking Test Data from file hhhhaaja
[INFO ] 2020-06-04 17:57:01.554 [main] ReadExcelData -  Taking Test Data from file issajesto@yahoo.com
[INFO ] 2020-06-04 17:57:01.554 [main] ReadExcelData -  Taking Test Data from file qrrqr
[INFO ] 2020-06-04 17:57:01.554 [main] ReadExcelData -  Taking Test Data from file finijesto@gmail.com
[INFO ] 2020-06-04 17:57:01.554 [main] ReadExcelData -  Taking Test Data from file ghjhgjhg
[INFO ] 2020-06-04 17:57:01.554 [main] ReadExcelData -  Taking Test Data from file asssdad
[INFO ] 2020-06-04 17:57:01.555 [main] ReadExcelData -  Taking Test Data from file dfsdgds
[INFO ] 2020-06-04 17:57:05.919 [main] ContactsTest - -----------------------Contacts Adding-----------
[INFO ] 2020-06-04 17:57:11.982 [main] ContactsTest - -----------------------Contacts Adding-----------
[INFO ] 2020-06-04 17:57:18.126 [main] ContactsTest - -----------------------Contacts Adding-----------
[INFO ] 2020-06-04 17:57:23.913 [main] ContactsTest - -----------------------Contacts Adding-----------
[TRACE] 2020-06-04 17:57:36.702 [main] LoginTest - ----------Validating Title------------
[INFO ] 2020-06-04 17:57:36.706 [main] LoginTest -  Application URl validated
[INFO ] 2020-06-04 17:57:49.763 [main] LoginPage - Email:  finiassissi1@gmail.com Password:  q1w2e3r4T
[INFO ] 2020-06-04 17:57:49.976 [main] LoginPage - Login  done
[INFO ] 2020-06-04 17:58:00.833 [main] LoginPage - Email:  finiassissi1@gmail.com Password:  q1w2e3r4T
[INFO ] 2020-06-04 17:58:00.988 [main] LoginPage - Login  done
